<?xml version="1.0" encoding="UTF-8"?>
<coverage generated="1773059581324" clover="3.2.0">
  <project timestamp="1773059581324" name="All files">
    <metrics statements="13" coveredstatements="13" conditionals="8" coveredconditionals="8" methods="1" coveredmethods="1" elements="22" coveredelements="22" complexity="0" loc="13" ncloc="13" packages="1" files="2" classes="2"/>
    <file name="index.js" path="C:\Users\Mark\Desktop\Новая папка\z2\Mark-validator\src\index.js">
      <metrics statements="2" coveredstatements="2" conditionals="0" coveredconditionals="0" methods="0" coveredmethods="0"/>
      <line num="1" count="1" type="stmt"/>
      <line num="2" count="1" type="stmt"/>
    </file>
    <file name="validator.js" path="C:\Users\Mark\Desktop\Новая папка\z2\Mark-validator\src\validator.js">
      <metrics statements="11" coveredstatements="11" conditionals="8" coveredconditionals="8" methods="1" coveredmethods="1"/>
      <line num="4" count="20" type="stmt"/>
      <line num="5" count="20" type="cond" truecount="2" falsecount="0"/>
      <line num="6" count="4" type="stmt"/>
      <line num="10" count="16" type="cond" truecount="2" falsecount="0"/>
      <line num="11" count="3" type="stmt"/>
      <line num="15" count="13" type="cond" truecount="2" falsecount="0"/>
      <line num="16" count="4" type="stmt"/>
      <line num="21" count="9" type="cond" truecount="2" falsecount="0"/>
      <line num="22" count="2" type="stmt"/>
      <line num="25" count="7" type="stmt"/>
      <line num="29" count="1" type="stmt"/>
    </file>
  </project>
</coverage>
